<?xml version="1.0" encoding="UTF-8"?>
<testsuite name="AuthServiceTest" tests="7" skipped="0" failures="0" errors="0" timestamp="2025-05-29T11:26:27" hostname="katana-76" time="0.693">
  <properties/>
  <testcase name="testCheckUserExists()" classname="AuthServiceTest" time="0.607"/>
  <testcase name="testCreateUserAlreadyExists()" classname="AuthServiceTest" time="0.011"/>
  <testcase name="testDeleteUserSuccess()" classname="AuthServiceTest" time="0.004"/>
  <testcase name="testCreateUserSuccess()" classname="AuthServiceTest" time="0.051"/>
  <testcase name="testDeleteUserFailure()" classname="AuthServiceTest" time="0.003"/>
  <testcase name="testRefreshToken()" classname="AuthServiceTest" time="0.003"/>
  <testcase name="testLogout()" classname="AuthServiceTest" time="0.002"/>
  <system-out><![CDATA[]]></system-out>
  <system-err><![CDATA[]]></system-err>
</testsuite>
