<?xml version="1.0" encoding="UTF-8"?>
<testsuite name="backend.auth.mongodb.UserMongodbManagerTest" tests="4" skipped="0" failures="0" errors="0" timestamp="2025-05-29T11:27:46" hostname="katana-76" time="0.305">
  <properties/>
  <testcase name="testUpdateUserNotFound()" classname="backend.auth.mongodb.UserMongodbManagerTest" time="0.272"/>
  <testcase name="testDeleteUserSuccess()" classname="backend.auth.mongodb.UserMongodbManagerTest" time="0.028"/>
  <testcase name="testDeleteUserFail()" classname="backend.auth.mongodb.UserMongodbManagerTest" time="0.002"/>
  <testcase name="testGetUserByUsernameSuccess()" classname="backend.auth.mongodb.UserMongodbManagerTest" time="0.001"/>
  <system-out><![CDATA[]]></system-out>
  <system-err><![CDATA[]]></system-err>
</testsuite>
