<?xml version="1.0" encoding="UTF-8"?>
<testsuite name="com.example.backend.points.PointsServiceTest" tests="3" skipped="0" failures="0" errors="0" timestamp="2025-05-29T11:27:46" hostname="katana-76" time="0.049">
  <properties/>
  <testcase name="testGetCountPointsByUsername_Success()" classname="com.example.backend.points.PointsServiceTest" time="0.04"/>
  <testcase name="testGetSlicePoints_Success()" classname="com.example.backend.points.PointsServiceTest" time="0.003"/>
  <testcase name="testCreatePoint_Success()" classname="com.example.backend.points.PointsServiceTest" time="0.004"/>
  <system-out><![CDATA[]]></system-out>
  <system-err><![CDATA[]]></system-err>
</testsuite>
