<?xml version="1.0" encoding="UTF-8"?>
<testsuite name="com.example.backend.auth.AuthControllerTest" tests="5" skipped="0" failures="0" errors="0" timestamp="2025-05-29T11:27:46" hostname="katana-76" time="0.04">
  <properties/>
  <testcase name="testRefreshNoToken()" classname="com.example.backend.auth.AuthControllerTest" time="0.028"/>
  <testcase name="testLogoutNoToken()" classname="com.example.backend.auth.AuthControllerTest" time="0.001"/>
  <testcase name="testRefreshInvalidToken()" classname="com.example.backend.auth.AuthControllerTest" time="0.002"/>
  <testcase name="testSignInSuccess()" classname="com.example.backend.auth.AuthControllerTest" time="0.006"/>
  <testcase name="testRegisterSuccess()" classname="com.example.backend.auth.AuthControllerTest" time="0.001"/>
  <system-out><![CDATA[]]></system-out>
  <system-err><![CDATA[]]></system-err>
</testsuite>
