<?xml version="1.0" encoding="UTF-8"?>
<testsuite name="backend.auth.jwt.JwtUtilTest" tests="5" skipped="0" failures="0" errors="0" timestamp="2025-05-29T11:27:46" hostname="katana-76" time="0.029">
  <properties/>
  <testcase name="testGenerateTokensNotNull()" classname="backend.auth.jwt.JwtUtilTest" time="0.001"/>
  <testcase name="testExtractUsernameFromInvalidToken()" classname="backend.auth.jwt.JwtUtilTest" time="0.011"/>
  <testcase name="testVerifyInvalidToken()" classname="backend.auth.jwt.JwtUtilTest" time="0.001"/>
  <testcase name="testExtractUsernameFromValidToken()" classname="backend.auth.jwt.JwtUtilTest" time="0.014"/>
  <testcase name="testVerifyValidToken()" classname="backend.auth.jwt.JwtUtilTest" time="0.001"/>
  <system-out><![CDATA[]]></system-out>
  <system-err><![CDATA[]]></system-err>
</testsuite>
