<?xml version="1.0" encoding="UTF-8"?>
<testsuite name="backend.points.PointsFactoryTest" tests="3" skipped="0" failures="0" errors="0" timestamp="2025-05-29T11:27:46" hostname="katana-76" time="0.005">
  <properties/>
  <testcase name="createNewPoint_InvalidRadius_ThrowsException()" classname="backend.points.PointsFactoryTest" time="0.003"/>
  <testcase name="createNewPoint_ValidRadius_Success()" classname="backend.points.PointsFactoryTest" time="0.001"/>
  <testcase name="checkHitting_Correctness()" classname="backend.points.PointsFactoryTest" time="0.0"/>
  <system-out><![CDATA[]]></system-out>
  <system-err><![CDATA[]]></system-err>
</testsuite>
